<?xml version="1.0" encoding="UTF-8"?>
<!-- Generated by org.testng.reporters.JUnitReportReporter -->
<testsuite skipped="5" hostname="PIS031" name="EEExecution.ExecuteCases" tests="7" failures="0" timestamp="2020-07-20T03:27:11 PDT" time="32.071" errors="0">
  <testcase name="createPurchaseOrder" time="17.417" classname="EEExecution.ExecuteCases"/>
  <system-out/>
  <testcase name="ValidateLogin" time="14.654" classname="EEExecution.ExecuteCases"/>
  <system-out/>
  <testcase name="createPassword" classname="EEExecution.ExecuteCases">
    <skipped/>
  </testcase> <!-- createPassword -->
  <system-out/>
  <testcase name="generateReport" classname="EEExecution.ExecuteCases">
    <skipped/>
  </testcase> <!-- generateReport -->
  <system-out/>
  <testcase name="newEvent" classname="EEExecution.ExecuteCases">
    <skipped/>
  </testcase> <!-- newEvent -->
  <system-out/>
  <testcase name="addNewcontact" classname="EEExecution.ExecuteCases">
    <skipped/>
  </testcase> <!-- addNewcontact -->
  <system-out/>
  <testcase name="newTicket" classname="EEExecution.ExecuteCases">
    <skipped/>
  </testcase> <!-- newTicket -->
  <system-out/>
</testsuite> <!-- EEExecution.ExecuteCases -->
